gyp info it worked if it ends with ok
gyp info using node-gyp@10.0.1
gyp info using node@21.7.1 | darwin | arm64
gyp info find Python using Python version 3.12.1 found at "/Library/Frameworks/Python.framework/Versions/3.12/bin/python3"
gyp info spawn /Library/Frameworks/Python.framework/Versions/3.12/bin/python3
gyp info spawn args [
gyp info spawn args '/opt/homebrew/lib/node_modules/npm/node_modules/node-gyp/gyp/gyp_main.py',
gyp info spawn args 'binding.gyp',
gyp info spawn args '-f',
gyp info spawn args 'make',
gyp info spawn args '-I',
gyp info spawn args '/Users/yasmine/Documents/Dev/flutter/Backend/node_modules/mongoo/node_modules/bson/build/config.gypi',
gyp info spawn args '-I',
gyp info spawn args '/opt/homebrew/lib/node_modules/npm/node_modules/node-gyp/addon.gypi',
gyp info spawn args '-I',
gyp info spawn args '/Users/yasmine/Library/Caches/node-gyp/21.7.1/include/node/common.gypi',
gyp info spawn args '-Dlibrary=shared_library',
gyp info spawn args '-Dvisibility=default',
gyp info spawn args '-Dnode_root_dir=/Users/yasmine/Library/Caches/node-gyp/21.7.1',
gyp info spawn args '-Dnode_gyp_dir=/opt/homebrew/lib/node_modules/npm/node_modules/node-gyp',
gyp info spawn args '-Dnode_lib_file=/Users/yasmine/Library/Caches/node-gyp/21.7.1/<(target_arch)/node.lib',
gyp info spawn args '-Dmodule_root_dir=/Users/yasmine/Documents/Dev/flutter/Backend/node_modules/mongoo/node_modules/bson',
gyp info spawn args '-Dnode_engine=v8',
gyp info spawn args '--depth=.',
gyp info spawn args '--no-parallel',
gyp info spawn args '--generator-output',
gyp info spawn args 'build',
gyp info spawn args '-Goutput_dir=.'
gyp info spawn args ]
gyp info spawn make
gyp info spawn args [ 'BUILDTYPE=Release', '-C', 'build' ]
In file included from ../ext/bson.cc:35:
In file included from ../ext/bson.h:17:
../../../../nan/nan.h:210:23: error: no matching member function for call to 'Has'
      || !optionsObj->Has(opt)
          ~~~~~~~~~~~~^~~
/Users/yasmine/Library/Caches/node-gyp/21.7.1/include/node/v8-object.h:334:37: note: candidate function not viable: requires 2 arguments, but 1 was provided
  V8_WARN_UNUSED_RESULT Maybe<bool> Has(Local<Context> context,
                                    ^
/Users/yasmine/Library/Caches/node-gyp/21.7.1/include/node/v8-object.h:340:37: note: candidate function not viable: requires 2 arguments, but 1 was provided
  V8_WARN_UNUSED_RESULT Maybe<bool> Has(Local<Context> context, uint32_t index);
                                    ^
In file included from ../ext/bson.cc:35:
In file included from ../ext/bson.h:17:
../../../../nan/nan.h:211:22: error: no matching member function for call to 'Get'
      || optionsObj->Get(opt)->BooleanValue();
         ~~~~~~~~~~~~^~~
/Users/yasmine/Library/Caches/node-gyp/21.7.1/include/node/v8-object.h:298:43: note: candidate function not viable: requires 2 arguments, but 1 was provided
  V8_WARN_UNUSED_RESULT MaybeLocal<Value> Get(Local<Context> context,
                                          ^
/Users/yasmine/Library/Caches/node-gyp/21.7.1/include/node/v8-object.h:301:43: note: candidate function not viable: requires 2 arguments, but 1 was provided
  V8_WARN_UNUSED_RESULT MaybeLocal<Value> Get(Local<Context> context,
                                          ^
In file included from ../ext/bson.cc:35:
In file included from ../ext/bson.h:17:
../../../../nan/nan.h:214:22: error: no matching member function for call to 'Has'
      && optionsObj->Has(opt)
         ~~~~~~~~~~~~^~~
/Users/yasmine/Library/Caches/node-gyp/21.7.1/include/node/v8-object.h:334:37: note: candidate function not viable: requires 2 arguments, but 1 was provided
  V8_WARN_UNUSED_RESULT Maybe<bool> Has(Local<Context> context,
                                    ^
/Users/yasmine/Library/Caches/node-gyp/21.7.1/include/node/v8-object.h:340:37: note: candidate function not viable: requires 2 arguments, but 1 was provided
  V8_WARN_UNUSED_RESULT Maybe<bool> Has(Local<Context> context, uint32_t index);
                                    ^
In file included from ../ext/bson.cc:35:
In file included from ../ext/bson.h:17:
../../../../nan/nan.h:215:22: error: no matching member function for call to 'Get'
      && optionsObj->Get(opt)->BooleanValue();
         ~~~~~~~~~~~~^~~
/Users/yasmine/Library/Caches/node-gyp/21.7.1/include/node/v8-object.h:298:43: note: candidate function not viable: requires 2 arguments, but 1 was provided
  V8_WARN_UNUSED_RESULT MaybeLocal<Value> Get(Local<Context> context,
                                          ^
/Users/yasmine/Library/Caches/node-gyp/21.7.1/include/node/v8-object.h:301:43: note: candidate function not viable: requires 2 arguments, but 1 was provided
  V8_WARN_UNUSED_RESULT MaybeLocal<Value> Get(Local<Context> context,
                                          ^
In file included from ../ext/bson.cc:35:
In file included from ../ext/bson.h:17:
../../../../nan/nan.h:232:20: error: no matching member function for call to 'Has'
    && optionsObj->Has(opt)
       ~~~~~~~~~~~~^~~
/Users/yasmine/Library/Caches/node-gyp/21.7.1/include/node/v8-object.h:334:37: note: candidate function not viable: requires 2 arguments, but 1 was provided
  V8_WARN_UNUSED_RESULT Maybe<bool> Has(Local<Context> context,
                                    ^
/Users/yasmine/Library/Caches/node-gyp/21.7.1/include/node/v8-object.h:340:37: note: candidate function not viable: requires 2 arguments, but 1 was provided
  V8_WARN_UNUSED_RESULT Maybe<bool> Has(Local<Context> context, uint32_t index);
                                    ^
In file included from ../ext/bson.cc:35:
In file included from ../ext/bson.h:17:
../../../../nan/nan.h:233:20: error: no matching member function for call to 'Get'
    && optionsObj->Get(opt)->IsNumber()
       ~~~~~~~~~~~~^~~
/Users/yasmine/Library/Caches/node-gyp/21.7.1/include/node/v8-object.h:298:43: note: candidate function not viable: requires 2 arguments, but 1 was provided
  V8_WARN_UNUSED_RESULT MaybeLocal<Value> Get(Local<Context> context,
                                          ^
/Users/yasmine/Library/Caches/node-gyp/21.7.1/include/node/v8-object.h:301:43: note: candidate function not viable: requires 2 arguments, but 1 was provided
  V8_WARN_UNUSED_RESULT MaybeLocal<Value> Get(Local<Context> context,
                                          ^
In file included from ../ext/bson.cc:35:
In file included from ../ext/bson.h:17:
../../../../nan/nan.h:234:21: error: no matching member function for call to 'Get'
      ? optionsObj->Get(opt)->Uint32Value()
        ~~~~~~~~~~~~^~~
/Users/yasmine/Library/Caches/node-gyp/21.7.1/include/node/v8-object.h:298:43: note: candidate function not viable: requires 2 arguments, but 1 was provided
  V8_WARN_UNUSED_RESULT MaybeLocal<Value> Get(Local<Context> context,
                                          ^
/Users/yasmine/Library/Caches/node-gyp/21.7.1/include/node/v8-object.h:301:43: note: candidate function not viable: requires 2 arguments, but 1 was provided
  V8_WARN_UNUSED_RESULT MaybeLocal<Value> Get(Local<Context> context,
                                          ^
In file included from ../ext/bson.cc:35:
In file included from ../ext/bson.h:17:
../../../../nan/nan.h:337:54: error: too many arguments to function call, expected at most 2, have 4
    return v8::Signature::New(nan_isolate, receiver, argc, argv);
           ~~~~~~~~~~~~~~~~~~                        ^~~~~~~~~~
/Users/yasmine/Library/Caches/node-gyp/21.7.1/include/node/v8-template.h:974:27: note: 'New' declared here
  static Local<Signature> New(
                          ^
In file included from ../ext/bson.cc:35:
In file included from ../ext/bson.h:17:
../../../../nan/nan.h:375:26: error: no viable conversion from 'v8::Isolate *' to 'Local<v8::Context>'
    return v8::Date::New(nan_isolate, time).As<v8::Date>();
                         ^~~~~~~~~~~
/Users/yasmine/Library/Caches/node-gyp/21.7.1/include/node/v8-local-handle.h:242:7: note: candidate constructor (the implicit copy constructor) not viable: no known conversion from 'v8::Isolate *' to 'const v8::Local<v8::Context> &' for 1st argument
class Local : public LocalBase<T> {
      ^
/Users/yasmine/Library/Caches/node-gyp/21.7.1/include/node/v8-local-handle.h:242:7: note: candidate constructor (the implicit move constructor) not viable: no known conversion from 'v8::Isolate *' to 'v8::Local<v8::Context> &&' for 1st argument
/Users/yasmine/Library/Caches/node-gyp/21.7.1/include/node/v8-local-handle.h:247:13: note: candidate template ignored: could not match 'Local<type-parameter-0-0>' against 'v8::Isolate *'
  V8_INLINE Local(Local<S> that) : LocalBase<T>(that) {
            ^
/Users/yasmine/Library/Caches/node-gyp/21.7.1/include/node/v8-local-handle.h:378:22: note: explicit constructor is not a candidate
  V8_INLINE explicit Local<T>(const LocalBase<T>& other)
                     ^
/Users/yasmine/Library/Caches/node-gyp/21.7.1/include/node/v8-date.h:21:69: note: passing argument to parameter 'context' here
  static V8_WARN_UNUSED_RESULT MaybeLocal<Value> New(Local<Context> context,
                                                                    ^
In file included from ../ext/bson.cc:35:
In file included from ../ext/bson.h:17:
../../../../nan/nan.h:380:26: error: no viable conversion from 'v8::Isolate *' to 'Local<v8::Context>'
    return v8::Date::New(nan_isolate, time).As<v8::Date>();
                         ^~~~~~~~~~~
/Users/yasmine/Library/Caches/node-gyp/21.7.1/include/node/v8-local-handle.h:242:7: note: candidate constructor (the implicit copy constructor) not viable: no known conversion from 'v8::Isolate *' to 'const v8::Local<v8::Context> &' for 1st argument
class Local : public LocalBase<T> {
      ^
/Users/yasmine/Library/Caches/node-gyp/21.7.1/include/node/v8-local-handle.h:242:7: note: candidate constructor (the implicit move constructor) not viable: no known conversion from 'v8::Isolate *' to 'v8::Local<v8::Context> &&' for 1st argument
/Users/yasmine/Library/Caches/node-gyp/21.7.1/include/node/v8-local-handle.h:247:13: note: candidate template ignored: could not match 'Local<type-parameter-0-0>' against 'v8::Isolate *'
  V8_INLINE Local(Local<S> that) : LocalBase<T>(that) {
            ^
/Users/yasmine/Library/Caches/node-gyp/21.7.1/include/node/v8-local-handle.h:378:22: note: explicit constructor is not a candidate
  V8_INLINE explicit Local<T>(const LocalBase<T>& other)
                     ^
/Users/yasmine/Library/Caches/node-gyp/21.7.1/include/node/v8-date.h:21:69: note: passing argument to parameter 'context' here
  static V8_WARN_UNUSED_RESULT MaybeLocal<Value> New(Local<Context> context,
                                                                    ^
In file included from ../ext/bson.cc:35:
In file included from ../ext/bson.h:17:
../../../../nan/nan.h:392:32: error: no member named 'CompileUnbound' in 'v8::ScriptCompiler'
    return v8::ScriptCompiler::CompileUnbound(nan_isolate, &source);
           ~~~~~~~~~~~~~~~~~~~~^
../../../../nan/nan.h:400:32: error: no member named 'CompileUnbound' in 'v8::ScriptCompiler'
    return v8::ScriptCompiler::CompileUnbound(nan_isolate, &source);
           ~~~~~~~~~~~~~~~~~~~~^
../../../../nan/nan.h:405:24: error: no member named 'NewExternal' in 'v8::String'
    return v8::String::NewExternal(nan_isolate, resource);
           ~~~~~~~~~~~~^
../../../../nan/nan.h:409:19: error: no type named 'ExternalAsciiStringResource' in 'v8::String'; did you mean 'ExternalStringResource'?
      v8::String::ExternalAsciiStringResource *resource) {
      ~~~~~~~~~~~~^~~~~~~~~~~~~~~~~~~~~~~~~~~
                  ExternalStringResource
/Users/yasmine/Library/Caches/node-gyp/21.7.1/include/node/v8-primitive.h:283:19: note: 'ExternalStringResource' declared here
  class V8_EXPORT ExternalStringResource : public ExternalStringResourceBase {
                  ^
In file included from ../ext/bson.cc:35:
In file included from ../ext/bson.h:17:
../../../../nan/nan.h:408:36: error: redefinition of 'NanNew'
  NAN_INLINE v8::Local<v8::String> NanNew(
                                   ^
../../../../nan/nan.h:403:36: note: previous definition is here
  NAN_INLINE v8::Local<v8::String> NanNew(
                                   ^
../../../../nan/nan.h:410:24: error: no member named 'NewExternal' in 'v8::String'
    return v8::String::NewExternal(nan_isolate, resource);
           ~~~~~~~~~~~~^
../../../../nan/nan.h:415:40: error: too few arguments to function call, expected 2, have 1
    return v8::BooleanObject::New(value).As<v8::BooleanObject>();
           ~~~~~~~~~~~~~~~~~~~~~~      ^
/Users/yasmine/Library/Caches/node-gyp/21.7.1/include/node/v8-primitive-object.h:61:23: note: 'New' declared here
  static Local<Value> New(Isolate* isolate, bool value);
                      ^
In file included from ../ext/bson.cc:35:
In file included from ../ext/bson.h:17:
../../../../nan/nan.h:422:39: error: too few arguments to function call, expected 2, have 1
    return v8::StringObject::New(value).As<v8::StringObject>();
           ~~~~~~~~~~~~~~~~~~~~~      ^
/Users/yasmine/Library/Caches/node-gyp/21.7.1/include/node/v8-primitive-object.h:81:23: note: 'New' declared here
  static Local<Value> New(Isolate* isolate, Local<String> value);
                      ^
In file included from ../ext/bson.cc:35:
In file included from ../ext/bson.h:17:
../../../../nan/nan.h:427:3: error: redefinition of 'NanNew<v8::StringObject, v8::Local<v8::String>>'
  NanNew<v8::StringObject, v8::Handle<v8::String> >(
  ^
../../../../nan/nan.h:420:3: note: previous definition is here
  NanNew<v8::StringObject, v8::Local<v8::String> >(
  ^
fatal error: too many errors emitted, stopping now [-ferror-limit=]
20 errors generated.
make: *** [Release/obj.target/bson/ext/bson.o] Error 1
gyp ERR! build error 
gyp ERR! stack Error: `make` failed with exit code: 2
gyp ERR! stack at ChildProcess.<anonymous> (/opt/homebrew/lib/node_modules/npm/node_modules/node-gyp/lib/build.js:209:23)
gyp ERR! System Darwin 21.6.0
gyp ERR! command "/opt/homebrew/Cellar/node/21.7.1/bin/node" "/opt/homebrew/lib/node_modules/npm/node_modules/node-gyp/bin/node-gyp.js" "rebuild"
gyp ERR! cwd /Users/yasmine/Documents/Dev/flutter/Backend/node_modules/mongoo/node_modules/bson
gyp ERR! node -v v21.7.1
gyp ERR! node-gyp -v v10.0.1
gyp ERR! not ok 
